# JRE version: OpenJDK Runtime Environment (11.0.11+9) (build 11.0.11+9-b60-7590822)
# Java VM: OpenJDK 64-Bit Server VM (11.0.11+9-b60-7590822, mixed mode, tiered, compressed oops, g1 gc, windows-amd64)
Heap:
 garbage-first heap   total 548864K, used 203839K [0x0000000080000000, 0x0000000100000000)
  region size 1024K, 6 young (6144K), 6 survivors (6144K)
 Metaspace       used 114361K, capacity 117247K, committed 117544K, reserved 1150976K
  class space    used 14359K, capacity 15502K, committed 15564K, reserved 1048576K
GC Heap History (20 events):
Event: 101.012 GC heap after
{Heap after GC invocations=106 (full 0):
 garbage-first heap   total 484352K, used 199022K [0x0000000080000000, 0x0000000100000000)
  region size 1024K, 7 young (7168K), 7 survivors (7168K)
 Metaspace       used 114276K, capacity 117225K, committed 117544K, reserved 1150976K
  class space    used 14357K, capacity 15499K, committed 15564K, reserved 1048576K
}
Event: 102.107 GC heap before
{Heap before GC invocations=106 (full 0):
 garbage-first heap   total 484352K, used 399726K [0x0000000080000000, 0x0000000100000000)
  region size 1024K, 204 young (208896K), 7 survivors (7168K)
 Metaspace       used 114288K, capacity 117227K, committed 117544K, reserved 1150976K
  class space    used 14357K, capacity 15499K, committed 15564K, reserved 1048576K
}
Event: 102.134 GC heap after
{Heap after GC invocations=107 (full 0):
 garbage-first heap   total 484352K, used 207726K [0x0000000080000000, 0x0000000100000000)
  region size 1024K, 16 young (16384K), 16 survivors (16384K)
 Metaspace       used 114288K, capacity 117227K, committed 117544K, reserved 1150976K
  class space    used 14357K, capacity 15499K, committed 15564K, reserved 1048576K
}
Event: 102.893 GC heap before
{Heap before GC invocations=107 (full 0):
 garbage-first heap   total 484352K, used 401262K [0x0000000080000000, 0x0000000100000000)
  region size 1024K, 206 young (210944K), 16 survivors (16384K)
 Metaspace       used 114308K, capacity 117234K, committed 117544K, reserved 1150976K
  class space    used 14358K, capacity 15501K, committed 15564K, reserved 1048576K
}
Event: 102.914 GC heap after
{Heap after GC invocations=108 (full 0):
 garbage-first heap   total 484352K, used 207142K [0x0000000080000000, 0x0000000100000000)
  region size 1024K, 9 young (9216K), 9 survivors (9216K)
 Metaspace       used 114308K, capacity 117234K, committed 117544K, reserved 1150976K
  class space    used 14358K, capacity 15501K, committed 15564K, reserved 1048576K
}
Event: 103.620 GC heap before
{Heap before GC invocations=108 (full 0):
 garbage-first heap   total 484352K, used 405798K [0x0000000080000000, 0x0000000100000000)
  region size 1024K, 204 young (208896K), 9 survivors (9216K)
 Metaspace       used 114313K, capacity 117236K, committed 117544K, reserved 1150976K
  class space    used 14359K, capacity 15502K, committed 15564K, reserved 1048576K
}
Event: 103.634 GC heap after
{Heap after GC invocations=109 (full 0):
 garbage-first heap   total 484352K, used 207055K [0x0000000080000000, 0x0000000100000000)
  region size 1024K, 9 young (9216K), 9 survivors (9216K)
 Metaspace       used 114313K, capacity 117236K, committed 117544K, reserved 1150976K
  class space    used 14359K, capacity 15502K, committed 15564K, reserved 1048576K
}
Event: 104.600 GC heap before
{Heap before GC invocations=109 (full 0):
 garbage-first heap   total 484352K, used 408783K [0x0000000080000000, 0x0000000100000000)
  region size 1024K, 207 young (211968K), 9 survivors (9216K)
 Metaspace       used 114318K, capacity 117237K, committed 117544K, reserved 1150976K
  class space    used 14359K, capacity 15502K, committed 15564K, reserved 1048576K
}
Event: 104.613 GC heap after
{Heap after GC invocations=110 (full 0):
 garbage-first heap   total 484352K, used 205094K [0x0000000080000000, 0x0000000100000000)
  region size 1024K, 7 young (7168K), 7 survivors (7168K)
 Metaspace       used 114318K, capacity 117237K, committed 117544K, reserved 1150976K
  class space    used 14359K, capacity 15502K, committed 15564K, reserved 1048576K
}
Event: 105.758 GC heap before
{Heap before GC invocations=110 (full 0):
 garbage-first heap   total 484352K, used 411942K [0x0000000080000000, 0x0000000100000000)
  region size 1024K, 209 young (214016K), 7 survivors (7168K)
 Metaspace       used 114319K, capacity 117237K, committed 117544K, reserved 1150976K
  class space    used 14359K, capacity 15502K, committed 15564K, reserved 1048576K
}
Event: 105.775 GC heap after
{Heap after GC invocations=111 (full 0):
 garbage-first heap   total 484352K, used 205094K [0x0000000080000000, 0x0000000100000000)
  region size 1024K, 7 young (7168K), 7 survivors (7168K)
 Metaspace       used 114319K, capacity 117237K, committed 117544K, reserved 1150976K
  class space    used 14359K, capacity 15502K, committed 15564K, reserved 1048576K
}
Event: 106.890 GC heap before
{Heap before GC invocations=111 (full 0):
 garbage-first heap   total 484352K, used 413990K [0x0000000080000000, 0x0000000100000000)
  region size 1024K, 211 young (216064K), 7 survivors (7168K)
 Metaspace       used 114335K, capacity 117239K, committed 117544K, reserved 1150976K
  class space    used 14359K, capacity 15502K, committed 15564K, reserved 1048576K
}
Event: 106.901 GC heap after
{Heap after GC invocations=112 (full 0):
 garbage-first heap   total 484352K, used 203374K [0x0000000080000000, 0x0000000100000000)
  region size 1024K, 6 young (6144K), 6 survivors (6144K)
 Metaspace       used 114335K, capacity 117239K, committed 117544K, reserved 1150976K
  class space    used 14359K, capacity 15502K, committed 15564K, reserved 1048576K
}
Event: 107.586 GC heap before
{Heap before GC invocations=112 (full 0):
 garbage-first heap   total 484352K, used 413294K [0x0000000080000000, 0x0000000100000000)
  region size 1024K, 212 young (217088K), 6 survivors (6144K)
 Metaspace       used 114342K, capacity 117243K, committed 117544K, reserved 1150976K
  class space    used 14359K, capacity 15502K, committed 15564K, reserved 1048576K
}
Event: 107.603 GC heap after
{Heap after GC invocations=113 (full 0):
 garbage-first heap   total 484352K, used 208166K [0x0000000080000000, 0x0000000100000000)
  region size 1024K, 10 young (10240K), 10 survivors (10240K)
 Metaspace       used 114342K, capacity 117243K, committed 117544K, reserved 1150976K
  class space    used 14359K, capacity 15502K, committed 15564K, reserved 1048576K
}
Event: 108.708 GC heap before
{Heap before GC invocations=113 (full 0):
 garbage-first heap   total 484352K, used 416038K [0x0000000080000000, 0x0000000100000000)
  region size 1024K, 213 young (218112K), 10 survivors (10240K)
 Metaspace       used 114352K, capacity 117244K, committed 117544K, reserved 1150976K
  class space    used 14359K, capacity 15502K, committed 15564K, reserved 1048576K
}
Event: 108.728 GC heap after
{Heap after GC invocations=114 (full 0):
 garbage-first heap   total 484352K, used 206537K [0x0000000080000000, 0x0000000100000000)
  region size 1024K, 9 young (9216K), 9 survivors (9216K)
 Metaspace       used 114352K, capacity 117244K, committed 117544K, reserved 1150976K
  class space    used 14359K, capacity 15502K, committed 15564K, reserved 1048576K
}
Event: 109.830 GC heap before
{Heap before GC invocations=114 (full 0):
 garbage-first heap   total 484352K, used 416457K [0x0000000080000000, 0x0000000100000000)
  region size 1024K, 214 young (219136K), 9 survivors (9216K)
 Metaspace       used 114352K, capacity 117244K, committed 117544K, reserved 1150976K
  class space    used 14359K, capacity 15502K, committed 15564K, reserved 1048576K
}
Event: 109.846 GC heap after
{Heap after GC invocations=115 (full 0):
 garbage-first heap   total 484352K, used 206926K [0x0000000080000000, 0x0000000100000000)
  region size 1024K, 9 young (9216K), 9 survivors (9216K)
 Metaspace       used 114352K, capacity 117244K, committed 117544K, reserved 1150976K
  class space    used 14359K, capacity 15502K, committed 15564K, reserved 1048576K
}
Event: 111.015 GC heap before
{Heap before GC invocations=115 (full 0):
 garbage-first heap   total 484352K, used 418894K [0x0000000080000000, 0x0000000100000000)
  region size 1024K, 216 young (221184K), 9 survivors (9216K)
 Metaspace       used 114361K, capacity 117247K, committed 117544K, reserved 1150976K
  class space    used 14359K, capacity 15502K, committed 15564K, reserved 1048576K
}

